<?xml version="1.0" encoding="UTF-8"?>
<testng-results ignored="0" total="1" passed="1" failed="0" skipped="0">
  <reporter-output>
  </reporter-output>
  <suite started-at="2022-10-27T11:42:07 IST" name="Suite" finished-at="2022-10-27T11:42:22 IST" duration-ms="15582">
    <groups>
    </groups>
    <test started-at="2022-10-27T11:42:07 IST" name="Test" finished-at="2022-10-27T11:42:22 IST" duration-ms="15582">
      <class name="com.Myhms.testcases.TC_userLoginPage">
        <test-method is-config="true" signature="setup()[pri:0, instance:com.Myhms.testcases.TC_userLoginPage@4b45a2f5]" started-at="2022-10-27T11:42:07 IST" name="setup" finished-at="2022-10-27T11:42:17 IST" duration-ms="10273" status="PASS">
          <reporter-output>
          </reporter-output>
        </test-method> <!-- setup -->
        <test-method signature="verfyLogin()[pri:0, instance:com.Myhms.testcases.TC_userLoginPage@4b45a2f5]" started-at="2022-10-27T11:42:17 IST" name="verfyLogin" finished-at="2022-10-27T11:42:22 IST" duration-ms="4585" status="PASS">
          <reporter-output>
          </reporter-output>
        </test-method> <!-- verfyLogin -->
        <test-method is-config="true" signature="teardown()[pri:0, instance:com.Myhms.testcases.TC_userLoginPage@4b45a2f5]" started-at="2022-10-27T11:42:22 IST" name="teardown" finished-at="2022-10-27T11:42:22 IST" duration-ms="662" status="PASS">
          <reporter-output>
          </reporter-output>
        </test-method> <!-- teardown -->
      </class> <!-- com.Myhms.testcases.TC_userLoginPage -->
    </test> <!-- Test -->
  </suite> <!-- Suite -->
</testng-results>
