<?xml version="1.0" encoding="UTF-8"?>
<testng-results ignored="0" total="1" passed="1" failed="0" skipped="0">
  <reporter-output>
  </reporter-output>
  <suite started-at="2022-10-27T16:07:44 IST" name="Suite" finished-at="2022-10-27T16:07:58 IST" duration-ms="13980">
    <groups>
    </groups>
    <test started-at="2022-10-27T16:07:44 IST" name="Test" finished-at="2022-10-27T16:07:58 IST" duration-ms="13980">
      <class name="com.Myhms.testcases.TC_userLoginPage">
        <test-method is-config="true" signature="setup()[pri:0, instance:com.Myhms.testcases.TC_userLoginPage@7526515b]" started-at="2022-10-27T16:07:44 IST" name="setup" finished-at="2022-10-27T16:07:49 IST" duration-ms="5326" status="PASS">
          <reporter-output>
          </reporter-output>
        </test-method> <!-- setup -->
        <test-method signature="verfyLogin()[pri:0, instance:com.Myhms.testcases.TC_userLoginPage@7526515b]" started-at="2022-10-27T16:07:49 IST" name="verfyLogin" finished-at="2022-10-27T16:07:57 IST" duration-ms="7743" status="PASS">
          <reporter-output>
          </reporter-output>
        </test-method> <!-- verfyLogin -->
        <test-method is-config="true" signature="teardown()[pri:0, instance:com.Myhms.testcases.TC_userLoginPage@7526515b]" started-at="2022-10-27T16:07:57 IST" name="teardown" finished-at="2022-10-27T16:07:58 IST" duration-ms="795" status="PASS">
          <reporter-output>
          </reporter-output>
        </test-method> <!-- teardown -->
      </class> <!-- com.Myhms.testcases.TC_userLoginPage -->
    </test> <!-- Test -->
  </suite> <!-- Suite -->
</testng-results>
